#
# A fatal error has been detected by the Java Runtime Environment:
#
#  SIGSEGV (0xb) at pc=0x00007fff8e2f8097, pid=10988, tid=1287
#
# JRE version: 7.0_21-b12
# Java VM: Java HotSpot(TM) 64-Bit Server VM (23.21-b01 mixed mode bsd-amd64 compressed oops)
# Problematic frame:
# C  [libobjc.A.dylib+0x5097]  objc_msgSend+0x17
#
# Failed to write core dump. Core dumps have been disabled. To enable core dumping, try "ulimit -c unlimited" before starting Java again
#
# If you would like to submit a bug report, please visit:
#   http://bugreport.sun.com/bugreport/crash.jsp
# The crash happened outside the Java Virtual Machine in native code.
# See problematic frame for where to report the bug.
#

---------------  T H R E A D  ---------------

Current thread (0x00007fc3d60b2000):  JavaThread "AppKit Thread" daemon [_thread_in_native, id=1287, stack(0x00007fff593ca000,0x00007fff5944a000)]

siginfo:si_signo=SIGSEGV: si_errno=0, si_code=0 (SEGV0), si_addr=0x0000000000000000

Registers:
RAX=0x00007fc3d597c4f0, RBX=0x00000000000f42f0, RCX=0x0000000000000000, RDX=0x00007fc3d58c2040
RSP=0x00007fff59444788, RBP=0x00007fff59444790, RSI=0x00007fff9165fd05, RDI=0x00007fc3d597c4f0
R8 =0x0000000000000040, R9 =0x00007fff59444700, R10=0x00007fff9165fd05, R11=0x400007fc3d5983ad
R12=0x00000000000f42f0, R13=0x00007fff59444958, R14=0x00007fc3d3559790, R15=0x00007fff594448b8
RIP=0x00007fff8e2f8097, EFLAGS=0x0000000000010246, ERR=0x0000000000000000
  TRAPNO=0x000000000000000d

Top of Stack: (sp=0x00007fff59444788)
0x00007fff59444788:   00007fff90a22fcc 00007fff59444af0
0x00007fff59444798:   00007fff90916c5d 0000000000000003
0x00007fff594447a8:   00000001067d3e00 00007fff594447f0
0x00007fff594447b8:   00007fff8e4bf286 00000000000007e0
0x00007fff594447c8:   00000000000f42f2 0000000000000002
0x00007fff594447d8:   00007fc3d35659f0 00007fc3d3565360
0x00007fff594447e8:   00007fc3d5923940 00007fc3d58c2040
0x00007fff594447f8:   00007fff594448b0 0000000000000000
0x00007fff59444808:   00000000000f42f0 0000000000000054
0x00007fff59444818:   00007fff59444930 0000000000000000
0x00007fff59444828:   0000000000000001 00007fc3d5923930
0x00007fff59444838:   000000000000004f 000000000006b1f8
0x00007fff59444848:   0000010000000000 00007fff7749a980
0x00007fff59444858:   00002060008d86ea 00007fff594449b0
0x00007fff59444868:   0000000000000000 00007fff59444948
0x00007fff59444878:   00007fff59444928 00007fff7749a968
0x00007fff59444888:   0000000000000000 000000000000001e
0x00007fff59444898:   00007fff928d86ea 00007fff78f28b08
0x00007fff594448a8:   0000000000000000 00007fc3d3565a70
0x00007fff594448b8:   00007fc3d3559790 00007fff900feb08
0x00007fff594448c8:   0000000000000000 00007fff59444990
0x00007fff594448d8:   00007fff8a55026e 00007fff78b0b0d0
0x00007fff594448e8:   0000000042000000 00007fff8a558671
0x00007fff594448f8:   00007fff77476b30 00007fff594449f8
0x00007fff59444908:   00007fff59444928 00007fff59444948
0x00007fff59444918:   0000000000000000 00000001067cf001
0x00007fff59444928:   0000000000000000 000000000000004d
0x00007fff59444938:   0000000000000000 00000000000f42df
0x00007fff59444948:   000000000000004f 0000000000000000
0x00007fff59444958:   00000000000f42f0 0000000159444a00
0x00007fff59444968:   00007fff928d9261 00007fff77f03748
0x00007fff59444978:   00007fff77f0374c 0000000077eff1b8 

Instructions: (pc=0x00007fff8e2f8097)
0x00007fff8e2f8077:   90 90 90 90 90 90 90 90 90 48 85 ff 2e 74 72 40
0x00007fff8e2f8087:   f6 c7 01 2e 0f 85 7e 00 00 00 4c 8b 1f 49 89 f2
0x00007fff8e2f8097:   45 23 53 18 49 c1 e2 04 4d 03 53 10 49 3b 32 75
0x00007fff8e2f80a7:   04 41 ff 62 08 49 83 3a 00 74 74 4d 3b 53 10 74 

Register to memory mapping:

RAX=0x00007fc3d597c4f0 is an unknown value
RBX=0x00000000000f42f0 is an unknown value
RCX=0x0000000000000000 is an unknown value
RDX=0x00007fc3d58c2040 is an unknown value
RSP=0x00007fff59444788 is pointing into the stack for thread: 0x00007fc3d60b2000
RBP=0x00007fff59444790 is pointing into the stack for thread: 0x00007fc3d60b2000
RSI=0x00007fff9165fd05: NSAppKitVersionNumber+0x534c5 in /System/Library/Frameworks/AppKit.framework/Versions/C/AppKit at 0x00007fff90bbe000
RDI=0x00007fc3d597c4f0 is an unknown value
R8 =0x0000000000000040 is an unknown value
R9 =0x00007fff59444700 is pointing into the stack for thread: 0x00007fc3d60b2000
R10=0x00007fff9165fd05: NSAppKitVersionNumber+0x534c5 in /System/Library/Frameworks/AppKit.framework/Versions/C/AppKit at 0x00007fff90bbe000
R11=0x400007fc3d5983ad is an unknown value
R12=0x00000000000f42f0 is an unknown value
R13=0x00007fff59444958 is pointing into the stack for thread: 0x00007fc3d60b2000
R14=0x00007fc3d3559790 is an unknown value
R15=0x00007fff594448b8 is pointing into the stack for thread: 0x00007fc3d60b2000


Stack: [0x00007fff593ca000,0x00007fff5944a000],  sp=0x00007fff59444788,  free space=489k
Native frames: (J=compiled Java code, j=interpreted, Vv=VM code, C=native code)
C  [libobjc.A.dylib+0x5097]  objc_msgSend+0x17
C  [CoreFoundation+0x10c5d]  _CFXNotificationPost+0xb4d
C  [Foundation+0x34aa]  -[NSNotificationCenter postNotificationName:object:userInfo:]+0x44
C  [AppKit+0x10f609]  -[NSSurface _disposeSurface]+0x98
C  [AppKit+0x10f0a5]  -[NSSurface setWindow:]+0x46
C  [AppKit+0x3af67]  -[NSView _setWindow:]+0x8ea
C  [AppKit+0x3bf9a]  -[NSView removeFromSuperview]+0x15e
C  [AppKit+0x98759]  -[NSView removeFromSuperviewWithoutNeedingDisplay]+0x26
C  [liblwjgl.jnilib+0x936e]  +[MacOSXKeyableWindow destroyWindow]+0xde
C  [Foundation+0x640de]  __NSThreadPerformPerform+0xe5
C  [CoreFoundation+0x7f8f1]  __CFRUNLOOP_IS_CALLING_OUT_TO_A_SOURCE0_PERFORM_FUNCTION__+0x11
C  [CoreFoundation+0x71062]  __CFRunLoopDoSources0+0xf2
C  [CoreFoundation+0x707ef]  __CFRunLoopRun+0x33f
C  [CoreFoundation+0x70275]  CFRunLoopRunSpecific+0x135
C  [HIToolbox+0x2ef0d]  RunCurrentEventLoopInMode+0xe2
C  [HIToolbox+0x2ecb7]  ReceiveNextEventCommon+0x1df
C  [HIToolbox+0x2eabc]  _BlockUntilNextEventMatchingListInModeWithFilter+0x41
C  [AppKit+0x2428e]  _DPSNextEvent+0x59a
C  [AppKit+0x238db]  -[NSApplication nextEventMatchingMask:untilDate:inMode:dequeue:]+0x7a
C  [libosxapp.dylib+0x1b56]  -[NSApplicationAWT nextEventMatchingMask:untilDate:inMode:dequeue:]+0x7c
C  [AppKit+0x179cc]  -[NSApplication run]+0x229
C  [libosxapp.dylib+0x19b9]  +[NSApplicationAWT runAWTLoopWithApp:]+0x9c
C  [liblwawt.dylib+0xd81a]  -[AWTStarter starter:]+0x637
C  [Foundation+0x640de]  __NSThreadPerformPerform+0xe5
C  [CoreFoundation+0x7f8f1]  __CFRUNLOOP_IS_CALLING_OUT_TO_A_SOURCE0_PERFORM_FUNCTION__+0x11
C  [CoreFoundation+0x71062]  __CFRunLoopDoSources0+0xf2
C  [CoreFoundation+0x707ef]  __CFRunLoopRun+0x33f
C  [CoreFoundation+0x70275]  CFRunLoopRunSpecific+0x135
C  [java+0x742d]  CreateExecutionEnvironment+0x367
C  [java+0x1bdc]  JLI_Launch+0x7a0
C  [java+0x778a]  main+0x65
C  [java+0x1434]  start+0x34


---------------  P R O C E S S  ---------------

Java Threads: ( => current thread )
  0x00007fc3d687c800 JavaThread "AWT-Shutdown" [_thread_blocked, id=9991, stack(0x000000010c911000,0x000000010ca11000)]
  0x00007fc3d68da000 JavaThread "DestroyJavaVM" [_thread_blocked, id=5891, stack(0x00000001068cb000,0x00000001069cb000)]
  0x00007fc3d68d9800 JavaThread "LWJGL Application" [_thread_in_native, id=57603, stack(0x000000011111d000,0x000000011121d000)]
=>0x00007fc3d60b2000 JavaThread "AppKit Thread" daemon [_thread_in_native, id=1287, stack(0x00007fff593ca000,0x00007fff5944a000)]
  0x00007fc3d4801000 JavaThread "Monitor Ctrl-Break" daemon [_thread_in_native, id=15875, stack(0x000000010c49b000,0x000000010c59b000)]
  0x00007fc3d4008000 JavaThread "Service Thread" daemon [_thread_blocked, id=15363, stack(0x000000010c04d000,0x000000010c14d000)]
  0x00007fc3d4005000 JavaThread "C2 CompilerThread1" daemon [_thread_blocked, id=15107, stack(0x000000010bf4a000,0x000000010c04a000)]
  0x00007fc3d3812800 JavaThread "C2 CompilerThread0" daemon [_thread_blocked, id=14851, stack(0x000000010be47000,0x000000010bf47000)]
  0x00007fc3d7004000 JavaThread "Signal Dispatcher" daemon [_thread_blocked, id=14595, stack(0x000000010bd44000,0x000000010be44000)]
  0x00007fc3d4802000 JavaThread "Finalizer" daemon [_thread_blocked, id=9731, stack(0x000000010bb02000,0x000000010bc02000)]
  0x00007fc3d4007000 JavaThread "Reference Handler" daemon [_thread_blocked, id=9475, stack(0x000000010b9ff000,0x000000010baff000)]

Other Threads:
  0x00007fc3d6826800 VMThread [stack: 0x000000010b8fc000,0x000000010b9fc000] [id=9219]
  0x00007fc3d4009800 WatcherThread [stack: 0x000000010c150000,0x000000010c250000] [id=15619]

VM state:not at safepoint (normal execution)

VM Mutex/Monitor currently owned by a thread: None

Heap
 def new generation   total 3200K, used 1963K [0x00000007f0800000, 0x00000007f0b70000, 0x00000007f3f50000)
  eden space 2880K,  61% used [0x00000007f0800000, 0x00000007f09b83b0, 0x00000007f0ad0000)
  from space 320K,  63% used [0x00000007f0ad0000, 0x00000007f0b02be0, 0x00000007f0b20000)
  to   space 320K,   0% used [0x00000007f0b20000, 0x00000007f0b20000, 0x00000007f0b70000)
 tenured generation   total 7040K, used 2266K [0x00000007f3f50000, 0x00000007f4630000, 0x00000007fae00000)
   the space 7040K,  32% used [0x00000007f3f50000, 0x00000007f4186a40, 0x00000007f4186c00, 0x00000007f4630000)
 compacting perm gen  total 21248K, used 6948K [0x00000007fae00000, 0x00000007fc2c0000, 0x0000000800000000)
   the space 21248K,  32% used [0x00000007fae00000, 0x00000007fb4c9160, 0x00000007fb4c9200, 0x00000007fc2c0000)
No shared spaces configured.

Card table byte_map: [0x000000010b599000,0x000000010b616000] byte_map_base: 0x0000000107615000

Polling page: 0x00000001069da000

Code Cache  [0x00000001084d9000, 0x0000000108749000, 0x000000010b4d9000)
 total_blobs=525 nmethods=179 adapters=299 free_code_cache=48305Kb largest_free_block=49443840

Compilation events (10 events):
Event: 57.570 Thread 0x00007fc3d3812800  166             java.lang.ref.Reference::<init> (25 bytes)
Event: 57.571 Thread 0x00007fc3d3812800 nmethod 166 0x00000001085932d0 code [0x0000000108593400, 0x00000001085934b8]
Event: 61.304 Thread 0x00007fc3d4005000  168             com.badlogic.gdx.math.Matrix4::idt (124 bytes)
Event: 61.305 Thread 0x00007fc3d4005000 nmethod 168 0x0000000108595210 code [0x0000000108595360, 0x0000000108595458]
Event: 69.655 Thread 0x00007fc3d3812800  169             java.util.ArrayList::clear (39 bytes)
Event: 69.656 Thread 0x00007fc3d3812800 nmethod 169 0x0000000108594410 code [0x0000000108594540, 0x00000001085945f8]
Event: 89.941 Thread 0x00007fc3d4005000  174             com.badlogic.gdx.backends.lwjgl.LwjglGL10::glDisable (5 bytes)
Event: 89.942 Thread 0x00007fc3d4005000 nmethod 174 0x00000001085af8d0 code [0x00000001085afa20, 0x00000001085afb48]
Event: 94.742 Thread 0x00007fc3d3812800  175             java.nio.DirectIntBufferU::put (18 bytes)
Event: 94.742 Thread 0x00007fc3d3812800 nmethod 175 0x00000001085b0410 code [0x00000001085b0540, 0x00000001085b05d8]

GC Heap History (10 events):
Event: 94.208 GC heap before
{Heap before GC invocations=579 (full 0):
 def new generation   total 3200K, used 3047K [0x00000007f0800000, 0x00000007f0b70000, 0x00000007f3f50000)
  eden space 2880K,  98% used [0x00000007f0800000, 0x00000007f0ac7078, 0x00000007f0ad0000)
  from space 320K,  63% used [0x00000007f0b20000, 0x00000007f0b52be0, 0x00000007f0b70000)
  to   space 320K,   0% used [0x00000007f0ad0000, 0x00000007f0ad0000, 0x00000007f0b20000)
 tenured generation   total 7040K, used 2264K [0x00000007f3f50000, 0x00000007f4630000, 0x00000007fae00000)
   the space 7040K,  32% used [0x00000007f3f50000, 0x00000007f4186248, 0x00000007f4186400, 0x00000007f4630000)
 compacting perm gen  total 21248K, used 6938K [0x00000007fae00000, 0x00000007fc2c0000, 0x0000000800000000)
   the space 21248K,  32% used [0x00000007fae00000, 0x00000007fb4c6840, 0x00000007fb4c6a00, 0x00000007fc2c0000)
No shared spaces configured.
Event: 94.209 GC heap after
Heap after GC invocations=580 (full 0):
 def new generation   total 3200K, used 202K [0x00000007f0800000, 0x00000007f0b70000, 0x00000007f3f50000)
  eden space 2880K,   0% used [0x00000007f0800000, 0x00000007f0800000, 0x00000007f0ad0000)
  from space 320K,  63% used [0x00000007f0ad0000, 0x00000007f0b02be0, 0x00000007f0b20000)
  to   space 320K,   0% used [0x00000007f0b20000, 0x00000007f0b20000, 0x00000007f0b70000)
 tenured generation   total 7040K, used 2264K [0x00000007f3f50000, 0x00000007f4630000, 0x00000007fae00000)
   the space 7040K,  32% used [0x00000007f3f50000, 0x00000007f41863e0, 0x00000007f4186400, 0x00000007f4630000)
 compacting perm gen  total 21248K, used 6938K [0x00000007fae00000, 0x00000007fc2c0000, 0x0000000800000000)
   the space 21248K,  32% used [0x00000007fae00000, 0x00000007fb4c6840, 0x00000007fb4c6a00, 0x00000007fc2c0000)
No shared spaces configured.
}
Event: 94.408 GC heap before
{Heap before GC invocations=580 (full 0):
 def new generation   total 3200K, used 3047K [0x00000007f0800000, 0x00000007f0b70000, 0x00000007f3f50000)
  eden space 2880K,  98% used [0x00000007f0800000, 0x00000007f0ac7078, 0x00000007f0ad0000)
  from space 320K,  63% used [0x00000007f0ad0000, 0x00000007f0b02be0, 0x00000007f0b20000)
  to   space 320K,   0% used [0x00000007f0b20000, 0x00000007f0b20000, 0x00000007f0b70000)
 tenured generation   total 7040K, used 2264K [0x00000007f3f50000, 0x00000007f4630000, 0x00000007fae00000)
   the space 7040K,  32% used [0x00000007f3f50000, 0x00000007f41863e0, 0x00000007f4186400, 0x00000007f4630000)
 compacting perm gen  total 21248K, used 6938K [0x00000007fae00000, 0x00000007fc2c0000, 0x0000000800000000)
   the space 21248K,  32% used [0x00000007fae00000, 0x00000007fb4c6840, 0x00000007fb4c6a00, 0x00000007fc2c0000)
No shared spaces configured.
Event: 94.408 GC heap after
Heap after GC invocations=581 (full 0):
 def new generation   total 3200K, used 202K [0x00000007f0800000, 0x00000007f0b70000, 0x00000007f3f50000)
  eden space 2880K,   0% used [0x00000007f0800000, 0x00000007f0800000, 0x00000007f0ad0000)
  from space 320K,  63% used [0x00000007f0b20000, 0x00000007f0b52be0, 0x00000007f0b70000)
  to   space 320K,   0% used [0x00000007f0ad0000, 0x00000007f0ad0000, 0x00000007f0b20000)
 tenured generation   total 7040K, used 2265K [0x00000007f3f50000, 0x00000007f4630000, 0x00000007fae00000)
   the space 7040K,  32% used [0x00000007f3f50000, 0x00000007f4186578, 0x00000007f4186600, 0x00000007f4630000)
 compacting perm gen  total 21248K, used 6938K [0x00000007fae00000, 0x00000007fc2c0000, 0x0000000800000000)
   the space 21248K,  32% used [0x00000007fae00000, 0x00000007fb4c6840, 0x00000007fb4c6a00, 0x00000007fc2c0000)
No shared spaces configured.
}
Event: 94.608 GC heap before
{Heap before GC invocations=581 (full 0):
 def new generation   total 3200K, used 3047K [0x00000007f0800000, 0x00000007f0b70000, 0x00000007f3f50000)
  eden space 2880K,  98% used [0x00000007f0800000, 0x00000007f0ac7078, 0x00000007f0ad0000)
  from space 320K,  63% used [0x00000007f0b20000, 0x00000007f0b52be0, 0x00000007f0b70000)
  to   space 320K,   0% used [0x00000007f0ad0000, 0x00000007f0ad0000, 0x00000007f0b20000)
 tenured generation   total 7040K, used 2265K [0x00000007f3f50000, 0x00000007f4630000, 0x00000007fae00000)
   the space 7040K,  32% used [0x00000007f3f50000, 0x00000007f4186578, 0x00000007f4186600, 0x00000007f4630000)
 compacting perm gen  total 21248K, used 6938K [0x00000007fae00000, 0x00000007fc2c0000, 0x0000000800000000)
   the space 21248K,  32% used [0x00000007fae00000, 0x00000007fb4c6840, 0x00000007fb4c6a00, 0x00000007fc2c0000)
No shared spaces configured.
Event: 94.608 GC heap after
Heap after GC invocations=582 (full 0):
 def new generation   total 3200K, used 202K [0x00000007f0800000, 0x00000007f0b70000, 0x00000007f3f50000)
  eden space 2880K,   0% used [0x00000007f0800000, 0x00000007f0800000, 0x00000007f0ad0000)
  from space 320K,  63% used [0x00000007f0ad0000, 0x00000007f0b02be0, 0x00000007f0b20000)
  to   space 320K,   0% used [0x00000007f0b20000, 0x00000007f0b20000, 0x00000007f0b70000)
 tenured generation   total 7040K, used 2265K [0x00000007f3f50000, 0x00000007f4630000, 0x00000007fae00000)
   the space 7040K,  32% used [0x00000007f3f50000, 0x00000007f4186710, 0x00000007f4186800, 0x00000007f4630000)
 compacting perm gen  total 21248K, used 6938K [0x00000007fae00000, 0x00000007fc2c0000, 0x0000000800000000)
   the space 21248K,  32% used [0x00000007fae00000, 0x00000007fb4c6840, 0x00000007fb4c6a00, 0x00000007fc2c0000)
No shared spaces configured.
}
Event: 94.809 GC heap before
{Heap before GC invocations=582 (full 0):
 def new generation   total 3200K, used 3047K [0x00000007f0800000, 0x00000007f0b70000, 0x00000007f3f50000)
  eden space 2880K,  98% used [0x00000007f0800000, 0x00000007f0ac7078, 0x00000007f0ad0000)
  from space 320K,  63% used [0x00000007f0ad0000, 0x00000007f0b02be0, 0x00000007f0b20000)
  to   space 320K,   0% used [0x00000007f0b20000, 0x00000007f0b20000, 0x00000007f0b70000)
 tenured generation   total 7040K, used 2265K [0x00000007f3f50000, 0x00000007f4630000, 0x00000007fae00000)
   the space 7040K,  32% used [0x00000007f3f50000, 0x00000007f4186710, 0x00000007f4186800, 0x00000007f4630000)
 compacting perm gen  total 21248K, used 6938K [0x00000007fae00000, 0x00000007fc2c0000, 0x0000000800000000)
   the space 21248K,  32% used [0x00000007fae00000, 0x00000007fb4c6840, 0x00000007fb4c6a00, 0x00000007fc2c0000)
No shared spaces configured.
Event: 94.809 GC heap after
Heap after GC invocations=583 (full 0):
 def new generation   total 3200K, used 202K [0x00000007f0800000, 0x00000007f0b70000, 0x00000007f3f50000)
  eden space 2880K,   0% used [0x00000007f0800000, 0x00000007f0800000, 0x00000007f0ad0000)
  from space 320K,  63% used [0x00000007f0b20000, 0x00000007f0b52be0, 0x00000007f0b70000)
  to   space 320K,   0% used [0x00000007f0ad0000, 0x00000007f0ad0000, 0x00000007f0b20000)
 tenured generation   total 7040K, used 2266K [0x00000007f3f50000, 0x00000007f4630000, 0x00000007fae00000)
   the space 7040K,  32% used [0x00000007f3f50000, 0x00000007f41868a8, 0x00000007f4186a00, 0x00000007f4630000)
 compacting perm gen  total 21248K, used 6938K [0x00000007fae00000, 0x00000007fc2c0000, 0x0000000800000000)
   the space 21248K,  32% used [0x00000007fae00000, 0x00000007fb4c6840, 0x00000007fb4c6a00, 0x00000007fc2c0000)
No shared spaces configured.
}
Event: 95.008 GC heap before
{Heap before GC invocations=583 (full 0):
 def new generation   total 3200K, used 3047K [0x00000007f0800000, 0x00000007f0b70000, 0x00000007f3f50000)
  eden space 2880K,  98% used [0x00000007f0800000, 0x00000007f0ac7078, 0x00000007f0ad0000)
  from space 320K,  63% used [0x00000007f0b20000, 0x00000007f0b52be0, 0x00000007f0b70000)
  to   space 320K,   0% used [0x00000007f0ad0000, 0x00000007f0ad0000, 0x00000007f0b20000)
 tenured generation   total 7040K, used 2266K [0x00000007f3f50000, 0x00000007f4630000, 0x00000007fae00000)
   the space 7040K,  32% used [0x00000007f3f50000, 0x00000007f41868a8, 0x00000007f4186a00, 0x00000007f4630000)
 compacting perm gen  total 21248K, used 6938K [0x00000007fae00000, 0x00000007fc2c0000, 0x0000000800000000)
   the space 21248K,  32% used [0x00000007fae00000, 0x00000007fb4c6840, 0x00000007fb4c6a00, 0x00000007fc2c0000)
No shared spaces configured.
Event: 95.008 GC heap after
Heap after GC invocations=584 (full 0):
 def new generation   total 3200K, used 202K [0x00000007f0800000, 0x00000007f0b70000, 0x00000007f3f50000)
  eden space 2880K,   0% used [0x00000007f0800000, 0x00000007f0800000, 0x00000007f0ad0000)
  from space 320K,  63% used [0x00000007f0ad0000, 0x00000007f0b02be0, 0x00000007f0b20000)
  to   space 320K,   0% used [0x00000007f0b20000, 0x00000007f0b20000, 0x00000007f0b70000)
 tenured generation   total 7040K, used 2266K [0x00000007f3f50000, 0x00000007f4630000, 0x00000007fae00000)
   the space 7040K,  32% used [0x00000007f3f50000, 0x00000007f4186a40, 0x00000007f4186c00, 0x00000007f4630000)
 compacting perm gen  total 21248K, used 6938K [0x00000007fae00000, 0x00000007fc2c0000, 0x0000000800000000)
   the space 21248K,  32% used [0x00000007fae00000, 0x00000007fb4c6840, 0x00000007fb4c6a00, 0x00000007fc2c0000)
No shared spaces configured.
}

Deoptimization events (1 events):
Event: 86.292 Thread 0x00007fc3d4007000 Uncommon trap -83 fr.pc 0x0000000108592848

Internal exceptions (10 events):
Event: 0.732 Thread 0x00007fc3d68d9800 Threw 0x00000007f08ccb70 at /HUDSON/workspace/jdk7u21-2-build-macosx-amd64-product/jdk7u21/hotspot/src/share/vm/prims/jvm.cpp:1166
Event: 0.733 Thread 0x00007fc3d68d9800 Threw 0x00000007f08d4690 at /HUDSON/workspace/jdk7u21-2-build-macosx-amd64-product/jdk7u21/hotspot/src/share/vm/prims/jvm.cpp:1166
Event: 0.734 Thread 0x00007fc3d68d9800 Threw 0x00000007f0919f18 at /HUDSON/workspace/jdk7u21-2-build-macosx-amd64-product/jdk7u21/hotspot/src/share/vm/prims/jvm.cpp:1166
Event: 0.736 Thread 0x00007fc3d68d9800 Threw 0x00000007f0921db8 at /HUDSON/workspace/jdk7u21-2-build-macosx-amd64-product/jdk7u21/hotspot/src/share/vm/prims/jvm.cpp:1166
Event: 0.737 Thread 0x00007fc3d68d9800 Threw 0x00000007f09288c8 at /HUDSON/workspace/jdk7u21-2-build-macosx-amd64-product/jdk7u21/hotspot/src/share/vm/prims/jvm.cpp:1166
Event: 2.015 Thread 0x00007fc3d68d9800 Threw 0x00000007f09e6688 at /HUDSON/workspace/jdk7u21-2-build-macosx-amd64-product/jdk7u21/hotspot/src/share/vm/prims/jvm.cpp:1166
Event: 2.498 Thread 0x00007fc3d68d9800 Threw 0x00000007f0846f00 at /HUDSON/workspace/jdk7u21-2-build-macosx-amd64-product/jdk7u21/hotspot/src/share/vm/prims/jvm.cpp:1166
Event: 21.333 Thread 0x00007fc3d68d9800 Threw 0x00000007f08cbdd0 at /HUDSON/workspace/jdk7u21-2-build-macosx-amd64-product/jdk7u21/hotspot/src/share/vm/prims/jvm.cpp:1166
Event: 95.141 Thread 0x00007fc3d68d9800 Threw 0x00000007f09aa438 at /HUDSON/workspace/jdk7u21-2-build-macosx-amd64-product/jdk7u21/hotspot/src/share/vm/prims/jvm.cpp:1166
Event: 95.147 Thread 0x00007fc3d68d9800 Threw 0x00000007f09b1c50 at /HUDSON/workspace/jdk7u21-2-build-macosx-amd64-product/jdk7u21/hotspot/src/share/vm/prims/jvm.cpp:1166

Events (10 events):
Event: 94.608 Executing VM operation: GenCollectForAllocation
Event: 94.608 Executing VM operation: GenCollectForAllocation done
Event: 94.809 Executing VM operation: GenCollectForAllocation
Event: 94.809 Executing VM operation: GenCollectForAllocation done
Event: 95.008 Executing VM operation: GenCollectForAllocation
Event: 95.008 Executing VM operation: GenCollectForAllocation done
Event: 95.141 loading class 0x00007fc3d581c2c0
Event: 95.141 loading class 0x00007fc3d581c2c0 done
Event: 95.147 loading class 0x00007fc3d355a880
Event: 95.147 loading class 0x00007fc3d355a880 done


Dynamic libraries:
0x0000000006ef3000 	/System/Library/Frameworks/Cocoa.framework/Versions/A/Cocoa
0x0000000006ef3000 	/System/Library/Frameworks/Security.framework/Versions/A/Security
0x0000000006ef3000 	/System/Library/Frameworks/ApplicationServices.framework/Versions/A/ApplicationServices
0x0000000006ef3000 	/usr/lib/libz.1.dylib
0x0000000006ef3000 	/usr/lib/libSystem.B.dylib
0x0000000006ef3000 	/usr/lib/libobjc.A.dylib
0x0000000006ef3000 	/System/Library/Frameworks/CoreFoundation.framework/Versions/A/CoreFoundation
0x0000000006ef3000 	/System/Library/Frameworks/AppKit.framework/Versions/C/AppKit
0x0000000006ef3000 	/System/Library/Frameworks/CoreData.framework/Versions/A/CoreData
0x0000000006ef3000 	/System/Library/Frameworks/Foundation.framework/Versions/C/Foundation
0x0000000006ef3000 	/System/Library/PrivateFrameworks/RemoteViewServices.framework/Versions/A/RemoteViewServices
0x0000000006ef3000 	/System/Library/Frameworks/AudioToolbox.framework/Versions/A/AudioToolbox
0x0000000006ef3000 	/System/Library/Frameworks/AudioUnit.framework/Versions/A/AudioUnit
0x0000000006ef3000 	/System/Library/PrivateFrameworks/DataDetectorsCore.framework/Versions/A/DataDetectorsCore
0x0000000006ef3000 	/System/Library/PrivateFrameworks/DesktopServicesPriv.framework/Versions/A/DesktopServicesPriv
0x0000000006ef3000 	/System/Library/Frameworks/Carbon.framework/Versions/A/Frameworks/HIToolbox.framework/Versions/A/HIToolbox
0x0000000006ef3000 	/System/Library/Frameworks/QuartzCore.framework/Versions/A/QuartzCore
0x0000000006ef3000 	/System/Library/Frameworks/Carbon.framework/Versions/A/Frameworks/SpeechRecognition.framework/Versions/A/SpeechRecognition
0x0000000006ef3000 	/usr/lib/libauto.dylib
0x0000000006ef3000 	/usr/lib/libicucore.A.dylib
0x0000000006ef3000 	/usr/lib/libxml2.2.dylib
0x0000000006ef3000 	/System/Library/PrivateFrameworks/CoreUI.framework/Versions/A/CoreUI
0x0000000006ef3000 	/System/Library/Frameworks/CoreAudio.framework/Versions/A/CoreAudio
0x0000000006ef3000 	/System/Library/Frameworks/DiskArbitration.framework/Versions/A/DiskArbitration
0x0000000006ef3000 	/usr/lib/liblangid.dylib
0x0000000006ef3000 	/System/Library/PrivateFrameworks/MultitouchSupport.framework/Versions/A/MultitouchSupport
0x0000000006ef3000 	/System/Library/Frameworks/IOKit.framework/Versions/A/IOKit
0x0000000006ef3000 	/usr/lib/libDiagnosticMessagesClient.dylib
0x0000000006ef3000 	/System/Library/Frameworks/CoreServices.framework/Versions/A/CoreServices
0x0000000006ef3000 	/System/Library/PrivateFrameworks/PerformanceAnalysis.framework/Versions/A/PerformanceAnalysis
0x0000000006ef3000 	/System/Library/PrivateFrameworks/GenerationalStorage.framework/Versions/A/GenerationalStorage
0x0000000006ef3000 	/System/Library/Frameworks/OpenGL.framework/Versions/A/OpenGL
0x0000000006ef3000 	/System/Library/PrivateFrameworks/Sharing.framework/Versions/A/Sharing
0x0000000006ef3000 	/System/Library/Frameworks/ImageIO.framework/Versions/A/ImageIO
0x0000000006ef3000 	/System/Library/Frameworks/CoreText.framework/Versions/A/CoreText
0x0000000006ef3000 	/System/Library/Frameworks/CoreGraphics.framework/Versions/A/CoreGraphics
0x0000000006ef3000 	/System/Library/PrivateFrameworks/Backup.framework/Versions/A/Backup
0x0000000006ef3000 	/System/Library/Frameworks/CFNetwork.framework/Versions/A/CFNetwork
0x0000000006ef3000 	/System/Library/Frameworks/SystemConfiguration.framework/Versions/A/SystemConfiguration
0x0000000006ef3000 	/usr/lib/libCRFSuite.dylib
0x0000000006ef3000 	/usr/lib/libc++.1.dylib
0x0000000006ef3000 	/usr/lib/libc++abi.dylib
0x0000000006ef3000 	/usr/lib/system/libcache.dylib
0x0000000006ef3000 	/usr/lib/system/libcommonCrypto.dylib
0x0000000006ef3000 	/usr/lib/system/libcompiler_rt.dylib
0x0000000006ef3000 	/usr/lib/system/libcopyfile.dylib
0x0000000006ef3000 	/usr/lib/system/libcorecrypto.dylib
0x0000000006ef3000 	/usr/lib/system/libdispatch.dylib
0x0000000006ef3000 	/usr/lib/system/libdyld.dylib
0x0000000006ef3000 	/usr/lib/system/libkeymgr.dylib
0x0000000006ef3000 	/usr/lib/system/liblaunch.dylib
0x0000000006ef3000 	/usr/lib/system/libmacho.dylib
0x0000000006ef3000 	/usr/lib/system/libquarantine.dylib
0x0000000006ef3000 	/usr/lib/system/libremovefile.dylib
0x0000000006ef3000 	/usr/lib/system/libsystem_asl.dylib
0x0000000006ef3000 	/usr/lib/system/libsystem_blocks.dylib
0x0000000006ef3000 	/usr/lib/system/libsystem_c.dylib
0x0000000006ef3000 	/usr/lib/system/libsystem_configuration.dylib
0x0000000006ef3000 	/usr/lib/system/libsystem_dnssd.dylib
0x0000000006ef3000 	/usr/lib/system/libsystem_info.dylib
0x0000000006ef3000 	/usr/lib/system/libsystem_kernel.dylib
0x0000000006ef3000 	/usr/lib/system/libsystem_m.dylib
0x0000000006ef3000 	/usr/lib/system/libsystem_malloc.dylib
0x0000000006ef3000 	/usr/lib/system/libsystem_network.dylib
0x0000000006ef3000 	/usr/lib/system/libsystem_notify.dylib
0x0000000006ef3000 	/usr/lib/system/libsystem_platform.dylib
0x0000000006ef3000 	/usr/lib/system/libsystem_pthread.dylib
0x0000000006ef3000 	/usr/lib/system/libsystem_sandbox.dylib
0x0000000006ef3000 	/usr/lib/system/libsystem_stats.dylib
0x0000000006ef3000 	/usr/lib/system/libunc.dylib
0x0000000006ef3000 	/usr/lib/system/libunwind.dylib
0x0000000006ef3000 	/usr/lib/system/libxpc.dylib
0x0000000006ef3000 	/usr/lib/libbsm.0.dylib
0x0000000006ef3000 	/usr/lib/libsqlite3.dylib
0x0000000006ef3000 	/usr/lib/libxar.1.dylib
0x0000000006ef3000 	/usr/lib/libpam.2.dylib
0x0000000006ef3000 	/usr/lib/libOpenScriptingUtil.dylib
0x0000000006ef3000 	/usr/lib/libbz2.1.0.dylib
0x0000000006ef3000 	/System/Library/Frameworks/CoreServices.framework/Versions/A/Frameworks/CarbonCore.framework/Versions/A/CarbonCore
0x0000000006ef3000 	/System/Library/Frameworks/CoreServices.framework/Versions/A/Frameworks/Metadata.framework/Versions/A/Metadata
0x0000000006ef3000 	/System/Library/Frameworks/CoreServices.framework/Versions/A/Frameworks/OSServices.framework/Versions/A/OSServices
0x0000000006ef3000 	/System/Library/Frameworks/CoreServices.framework/Versions/A/Frameworks/SearchKit.framework/Versions/A/SearchKit
0x0000000006ef3000 	/System/Library/Frameworks/CoreServices.framework/Versions/A/Frameworks/AE.framework/Versions/A/AE
0x0000000006ef3000 	/System/Library/Frameworks/CoreServices.framework/Versions/A/Frameworks/LaunchServices.framework/Versions/A/LaunchServices
0x0000000006ef3000 	/System/Library/Frameworks/CoreServices.framework/Versions/A/Frameworks/DictionaryServices.framework/Versions/A/DictionaryServices
0x0000000006ef3000 	/System/Library/Frameworks/NetFS.framework/Versions/A/NetFS
0x0000000006ef3000 	/usr/lib/system/libkxld.dylib
0x0000000006ef3000 	/System/Library/PrivateFrameworks/NetAuth.framework/Versions/A/NetAuth
0x0000000006ef3000 	/System/Library/PrivateFrameworks/TCC.framework/Versions/A/TCC
0x0000000006ef3000 	/System/Library/Frameworks/OpenDirectory.framework/Versions/A/Frameworks/CFOpenDirectory.framework/Versions/A/CFOpenDirectory
0x0000000006ef3000 	/System/Library/Frameworks/ServiceManagement.framework/Versions/A/ServiceManagement
0x0000000006ef3000 	/usr/lib/libxslt.1.dylib
0x0000000006ef3000 	/System/Library/Frameworks/Carbon.framework/Versions/A/Frameworks/Ink.framework/Versions/A/Ink
0x0000000006ef3000 	/System/Library/Frameworks/ApplicationServices.framework/Versions/A/Frameworks/ATS.framework/Versions/A/ATS
0x0000000006ef3000 	/System/Library/Frameworks/ApplicationServices.framework/Versions/A/Frameworks/ColorSync.framework/Versions/A/ColorSync
0x0000000006ef3000 	/System/Library/Frameworks/ApplicationServices.framework/Versions/A/Frameworks/HIServices.framework/Versions/A/HIServices
0x0000000006ef3000 	/System/Library/Frameworks/ApplicationServices.framework/Versions/A/Frameworks/LangAnalysis.framework/Versions/A/LangAnalysis
0x0000000006ef3000 	/System/Library/Frameworks/ApplicationServices.framework/Versions/A/Frameworks/PrintCore.framework/Versions/A/PrintCore
0x0000000006ef3000 	/System/Library/Frameworks/ApplicationServices.framework/Versions/A/Frameworks/QD.framework/Versions/A/QD
0x0000000006ef3000 	/System/Library/Frameworks/ApplicationServices.framework/Versions/A/Frameworks/SpeechSynthesis.framework/Versions/A/SpeechSynthesis
0x0000000006ef3000 	/System/Library/Frameworks/IOSurface.framework/Versions/A/IOSurface
0x0000000006ef3000 	/System/Library/Frameworks/Accelerate.framework/Versions/A/Accelerate
0x0000000006ef3000 	/System/Library/Frameworks/Accelerate.framework/Versions/A/Frameworks/vImage.framework/Versions/A/vImage
0x0000000006ef3000 	/System/Library/Frameworks/Accelerate.framework/Versions/A/Frameworks/vecLib.framework/Versions/A/vecLib
0x0000000006ef3000 	/System/Library/Frameworks/Accelerate.framework/Versions/A/Frameworks/vecLib.framework/Versions/A/libvDSP.dylib
0x0000000006ef3000 	/System/Library/Frameworks/Accelerate.framework/Versions/A/Frameworks/vecLib.framework/Versions/A/libvMisc.dylib
0x0000000006ef3000 	/System/Library/Frameworks/Accelerate.framework/Versions/A/Frameworks/vecLib.framework/Versions/A/libLAPACK.dylib
0x0000000006ef3000 	/System/Library/Frameworks/Accelerate.framework/Versions/A/Frameworks/vecLib.framework/Versions/A/libBLAS.dylib
0x0000000006ef3000 	/System/Library/Frameworks/ApplicationServices.framework/Versions/A/Frameworks/ATS.framework/Versions/A/Resources/libFontParser.dylib
0x0000000006ef3000 	/System/Library/Frameworks/ApplicationServices.framework/Versions/A/Frameworks/ATS.framework/Versions/A/Resources/libFontRegistry.dylib
0x0000000006ef3000 	/System/Library/Frameworks/ImageIO.framework/Versions/A/Resources/libJPEG.dylib
0x0000000006ef3000 	/System/Library/Frameworks/ImageIO.framework/Versions/A/Resources/libTIFF.dylib
0x0000000006ef3000 	/System/Library/Frameworks/ImageIO.framework/Versions/A/Resources/libPng.dylib
0x0000000006ef3000 	/System/Library/Frameworks/ImageIO.framework/Versions/A/Resources/libGIF.dylib
0x0000000006ef3000 	/System/Library/Frameworks/ImageIO.framework/Versions/A/Resources/libJP2.dylib
0x0000000006ef3000 	/System/Library/Frameworks/ImageIO.framework/Versions/A/Resources/libRadiance.dylib
0x0000000006ef3000 	/usr/lib/libcups.2.dylib
0x0000000006ef3000 	/System/Library/Frameworks/Kerberos.framework/Versions/A/Kerberos
0x0000000006ef3000 	/System/Library/Frameworks/GSS.framework/Versions/A/GSS
0x0000000006ef3000 	/usr/lib/libresolv.9.dylib
0x0000000006ef3000 	/usr/lib/libiconv.2.dylib
0x0000000006ef3000 	/System/Library/PrivateFrameworks/Heimdal.framework/Versions/A/Heimdal
0x0000000006ef3000 	/System/Library/PrivateFrameworks/TrustEvaluationAgent.framework/Versions/A/TrustEvaluationAgent
0x0000000006ef3000 	/usr/lib/libheimdal-asn1.dylib
0x0000000006ef3000 	/System/Library/Frameworks/OpenDirectory.framework/Versions/A/OpenDirectory
0x0000000006ef3000 	/System/Library/PrivateFrameworks/CommonAuth.framework/Versions/A/CommonAuth
0x0000000006ef3000 	/System/Library/Frameworks/SecurityFoundation.framework/Versions/A/SecurityFoundation
0x0000000006ef3000 	/System/Library/PrivateFrameworks/Bom.framework/Versions/A/Bom
0x0000000006ef3000 	/System/Library/Frameworks/CoreVideo.framework/Versions/A/CoreVideo
0x0000000006ef3000 	/System/Library/Frameworks/QuartzCore.framework/Versions/A/Frameworks/CoreImage.framework/Versions/A/CoreImage
0x0000000006ef3000 	/System/Library/Frameworks/QuartzCore.framework/Versions/A/Frameworks/ScalableUserInterface.framework/Versions/A/ScalableUserInterface
0x0000000006ef3000 	/System/Library/Frameworks/OpenGL.framework/Versions/A/Libraries/libGLU.dylib
0x0000000006ef3000 	/System/Library/Frameworks/OpenGL.framework/Versions/A/Libraries/libGFXShared.dylib
0x0000000006ef3000 	/System/Library/Frameworks/OpenGL.framework/Versions/A/Libraries/libGL.dylib
0x0000000006ef3000 	/System/Library/Frameworks/OpenGL.framework/Versions/A/Libraries/libGLImage.dylib
0x0000000006ef3000 	/System/Library/Frameworks/OpenGL.framework/Versions/A/Libraries/libCVMSPluginSupport.dylib
0x0000000006ef3000 	/System/Library/Frameworks/OpenGL.framework/Versions/A/Libraries/libCoreVMClient.dylib
0x0000000006ef3000 	/System/Library/PrivateFrameworks/FaceCore.framework/Versions/A/FaceCore
0x0000000006ef3000 	/System/Library/PrivateFrameworks/CrashReporterSupport.framework/Versions/A/CrashReporterSupport
0x0000000006ef3000 	/System/Library/Frameworks/OpenCL.framework/Versions/A/OpenCL
0x0000000006ef3000 	/System/Library/PrivateFrameworks/AppleFSCompression.framework/Versions/A/AppleFSCompression
0x0000000006ef3000 	/System/Library/PrivateFrameworks/Ubiquity.framework/Versions/A/Ubiquity
0x0000000006ef3000 	/System/Library/PrivateFrameworks/IconServices.framework/Versions/A/IconServices
0x0000000006ef3000 	/System/Library/PrivateFrameworks/ChunkingLibrary.framework/Versions/A/ChunkingLibrary
0x0000000006ef3000 	/System/Library/PrivateFrameworks/CoreSymbolication.framework/Versions/A/CoreSymbolication
0x0000000006ef3000 	/System/Library/PrivateFrameworks/Symbolication.framework/Versions/A/Symbolication
0x0000000006ef3000 	/System/Library/PrivateFrameworks/DebugSymbols.framework/Versions/A/DebugSymbols
0x0000000107a00000 	/Library/Java/JavaVirtualMachines/jdk1.7.0_21.jdk/Contents/Home/jre/lib/server/libjvm.dylib
0x0000000006ef3000 	/usr/lib/libstdc++.6.dylib
0x00000001069cd000 	/Library/Java/JavaVirtualMachines/jdk1.7.0_21.jdk/Contents/Home/jre/lib/libverify.dylib
0x00000001084a9000 	/Library/Java/JavaVirtualMachines/jdk1.7.0_21.jdk/Contents/Home/jre/lib/libjava.dylib
0x00000001069e4000 	/Library/Java/JavaVirtualMachines/jdk1.7.0_21.jdk/Contents/Home/jre/lib/libzip.dylib
0x000000010bc04000 	/System/Library/Frameworks/JavaVM.framework/Frameworks/JavaRuntimeSupport.framework/JavaRuntimeSupport
0x000000010bc1c000 	/System/Library/Frameworks/JavaVM.framework/Versions/A/Frameworks/JavaNativeFoundation.framework/Versions/A/JavaNativeFoundation
0x00000001069ee000 	/System/Library/Frameworks/JavaVM.framework/Versions/A/JavaVM
0x0000000006ef3000 	/System/Library/Frameworks/Carbon.framework/Versions/A/Carbon
0x000000010bc31000 	/System/Library/PrivateFrameworks/JavaLaunching.framework/Versions/A/JavaLaunching
0x0000000006ef3000 	/System/Library/Frameworks/Carbon.framework/Versions/A/Frameworks/CommonPanels.framework/Versions/A/CommonPanels
0x0000000006ef3000 	/System/Library/Frameworks/Carbon.framework/Versions/A/Frameworks/Help.framework/Versions/A/Help
0x0000000006ef3000 	/System/Library/Frameworks/Carbon.framework/Versions/A/Frameworks/ImageCapture.framework/Versions/A/ImageCapture
0x0000000006ef3000 	/System/Library/Frameworks/Carbon.framework/Versions/A/Frameworks/OpenScripting.framework/Versions/A/OpenScripting
0x0000000006ef3000 	/System/Library/Frameworks/Carbon.framework/Versions/A/Frameworks/Print.framework/Versions/A/Print
0x0000000006ef3000 	/System/Library/Frameworks/Carbon.framework/Versions/A/Frameworks/SecurityHI.framework/Versions/A/SecurityHI
0x000000010c497000 	/Applications/IntelliJ IDEA 13 CE.app/bin/libbreakgen64.jnilib
0x000000010c59d000 	/Library/Java/JavaVirtualMachines/jdk1.7.0_21.jdk/Contents/Home/jre/lib/libnet.dylib
0x000000010c5fa000 	/private/var/folders/hb/xbwsfgw94lg07_lvw1gyg2z00000gn/T/libgdxedward/92bf976d/libgdx.dylib
0x000000010c6c7000 	/Library/Java/JavaVirtualMachines/jdk1.7.0_21.jdk/Contents/Home/jre/lib/libawt.dylib
0x000000010c776000 	/Library/Java/JavaVirtualMachines/jdk1.7.0_21.jdk/Contents/Home/jre/lib/./libmlib_image.dylib
0x000000010c842000 	/Library/Java/JavaVirtualMachines/jdk1.7.0_21.jdk/Contents/Home/jre/lib/lwawt/liblwawt.dylib
0x000000010c8f4000 	/Library/Java/JavaVirtualMachines/jdk1.7.0_21.jdk/Contents/Home/jre/lib/libosxapp.dylib
0x0000000006ef3000 	/System/Library/Frameworks/ExceptionHandling.framework/Versions/A/ExceptionHandling
0x0000000006ef3000 	/System/Library/PrivateFrameworks/CoreServicesInternal.framework/Versions/A/CoreServicesInternal
0x0000000006ef3000 	/System/Library/PrivateFrameworks/Librarian.framework/Versions/A/Librarian
0x0000000006ef3000 	/System/Library/Frameworks/CoreGraphics.framework/Versions/A/Resources/libCGCMS.A.dylib
0x0000000006ef3000 	/System/Library/Frameworks/CoreGraphics.framework/Versions/A/Resources/libRIP.A.dylib
0x0000000006ef3000 	/System/Library/Frameworks/CoreGraphics.framework/Versions/A/Resources/libCGXType.A.dylib
0x0000000006ef3000 	/System/Library/PrivateFrameworks/FamilyControls.framework/Versions/A/FamilyControls
0x0000000006ef3000 	/System/Library/PrivateFrameworks/CommerceKit.framework/Versions/A/Frameworks/CommerceCore.framework/Versions/A/CommerceCore
0x0000000006ef3000 	/System/Library/PrivateFrameworks/SystemAdministration.framework/Versions/A/SystemAdministration
0x0000000006ef3000 	/System/Library/Frameworks/DirectoryService.framework/Versions/A/DirectoryService
0x0000000006ef3000 	/System/Library/PrivateFrameworks/DiskImages.framework/Versions/A/DiskImages
0x0000000006ef3000 	/System/Library/PrivateFrameworks/LoginUIKit.framework/Versions/A/Frameworks/LoginUICore.framework/Versions/A/LoginUICore
0x0000000006ef3000 	/usr/lib/libCoreStorage.dylib
0x0000000006ef3000 	/usr/lib/libcsfde.dylib
0x0000000006ef3000 	/usr/lib/libodfde.dylib
0x0000000006ef3000 	/System/Library/Frameworks/DiscRecording.framework/Versions/A/DiscRecording
0x0000000006ef3000 	/usr/lib/libcurl.4.dylib
0x0000000006ef3000 	/System/Library/PrivateFrameworks/MediaKit.framework/Versions/A/MediaKit
0x0000000006ef3000 	/System/Library/PrivateFrameworks/EFILogin.framework/Versions/A/EFILogin
0x0000000006ef3000 	/usr/lib/libutil.dylib
0x0000000006ef3000 	/System/Library/PrivateFrameworks/AOSNotification.framework/Versions/A/AOSNotification
0x0000000006ef3000 	/System/Library/Frameworks/LDAP.framework/Versions/A/LDAP
0x0000000006ef3000 	/usr/lib/libsasl2.2.dylib
0x0000000006ef3000 	/usr/lib/libcrypto.0.9.8.dylib
0x0000000006ef3000 	/usr/lib/libssl.0.9.8.dylib
0x0000000110cb8000 	/Library/Java/JavaVirtualMachines/jdk1.7.0_21.jdk/Contents/Home/jre/lib/libfontmanager.dylib
0x0000000110d22000 	/private/var/folders/hb/xbwsfgw94lg07_lvw1gyg2z00000gn/T/libgdxedward/75260a42/liblwjgl.jnilib
0x000000010e277000 	/Library/Java/JavaVirtualMachines/jdk1.7.0_21.jdk/Contents/Home/jre/lib/libjawt.dylib
0x0000000110d9d000 	/var/folders/hb/xbwsfgw94lg07_lvw1gyg2z00000gn/T/libgdxedward/75260a42/openal.dylib
0x0000000110df9000 	/System/Library/Components/CoreAudio.component/Contents/MacOS/CoreAudio
0x000000010e2a2000 	/System/Library/Extensions/AppleHDA.kext/Contents/PlugIns/AppleHDAHALPlugIn.bundle/Contents/MacOS/AppleHDAHALPlugIn
0x0000000006ef3000 	/System/Library/Frameworks/OpenGL.framework/Versions/A/Resources/GLEngine.bundle/GLEngine
0x0000000006ef3000 	/System/Library/Frameworks/OpenGL.framework/Versions/A/Libraries/libGLProgrammability.dylib
0x0000000000000000 	/System/Library/Extensions/GeForceGLDriver.bundle/Contents/MacOS/GeForceGLDriver
0x0000000006ef3000 	/System/Library/PrivateFrameworks/IOAccelerator.framework/Versions/A/IOAccelerator
0x0000000006ef3000 	/System/Library/PrivateFrameworks/GPUSupport.framework/Versions/A/Libraries/libGPUSupportMercury.dylib
0x0000000006ef3000 	/System/Library/Extensions/GeForceGLDriver.bundle/Contents/MacOS/libclh.dylib
0x0000000000000000 	/System/Library/Extensions/AppleIntelHD4000GraphicsGLDriver.bundle/Contents/MacOS/AppleIntelHD4000GraphicsGLDriver
0x0000000006ef3000 	/System/Library/Frameworks/OpenGL.framework/Versions/A/Resources/GLRendererFloat.bundle/GLRendererFloat
0x0000000006ef3000 	/System/Library/Frameworks/OpenCL.framework/Versions/A/Libraries/libcldcpuengine.dylib

VM Arguments:
jvm_args: -Didea.launcher.port=7535 -Didea.launcher.bin.path=/Applications/IntelliJ IDEA 13 CE.app/bin -Dfile.encoding=UTF-8 
java_command: com.intellij.rt.execution.application.AppMain net.edshaw.ld48.Main
Launcher Type: SUN_STANDARD

Environment Variables:
PATH=/Users/edward/.rvm/gems/ruby-2.0.0-p247/bin:/Users/edward/.rvm/gems/ruby-2.0.0-p247@global/bin:/Users/edward/.rvm/rubies/ruby-2.0.0-p247/bin:/Users/edward/.rvm/bin:/usr/local/bin:/usr/local/sbin:~/bin:/usr/bin:/bin:/usr/sbin:/sbin:/usr/local/bin:/opt/X11/bin
SHELL=/bin/bash
DISPLAY=/tmp/launch-DjghDK/org.macosforge.xquartz:0
DYLD_FALLBACK_LIBRARY_PATH=/usr/X11/lib:/usr/lib::

Signal Handlers:
SIGSEGV: [libjvm.dylib+0x4a4e2d], sa_mask[0]=0xfffefeff, sa_flags=0x00000042
SIGBUS: [libjvm.dylib+0x4a4e2d], sa_mask[0]=0xfffefeff, sa_flags=0x00000042
SIGFPE: [libjvm.dylib+0x3b4729], sa_mask[0]=0xfffefeff, sa_flags=0x00000042
SIGPIPE: [libjvm.dylib+0x3b4729], sa_mask[0]=0xfffefeff, sa_flags=0x00000042
SIGXFSZ: [libjvm.dylib+0x3b4729], sa_mask[0]=0xfffefeff, sa_flags=0x00000042
SIGILL: [libjvm.dylib+0x3b4729], sa_mask[0]=0xfffefeff, sa_flags=0x00000042
SIGUSR1: SIG_DFL, sa_mask[0]=0x00000000, sa_flags=0x00000002
SIGUSR2: [libjvm.dylib+0x3b42c2], sa_mask[0]=0x00000004, sa_flags=0x00000042
SIGHUP: [libjvm.dylib+0x3b2523], sa_mask[0]=0xfffefeff, sa_flags=0x00000042
SIGINT: [libjvm.dylib+0x3b2523], sa_mask[0]=0xfffefeff, sa_flags=0x00000042
SIGTERM: [libjvm.dylib+0x3b2523], sa_mask[0]=0xfffefeff, sa_flags=0x00000042
SIGQUIT: [libjvm.dylib+0x3b2523], sa_mask[0]=0xfffefeff, sa_flags=0x00000042


---------------  S Y S T E M  ---------------

OS:Bsduname:Darwin 13.0.0 Darwin Kernel Version 13.0.0: Thu Sep 19 22:22:27 PDT 2013; root:xnu-2422.1.72~6/RELEASE_X86_64 x86_64
rlimit: STACK 8192k, CORE 0k, NPROC 709, NOFILE 10240, AS infinity
load average:1.91 1.62 1.67

CPU:total 8 (4 cores per cpu, 2 threads per core) family 6 model 58 stepping 9, cmov, cx8, fxsr, mmx, sse, sse2, sse3, ssse3, sse4.1, sse4.2, popcnt, avx, ht, tsc, tscinvbit, tscinv

Memory: 4k page, physical 672336k(168084k free)

/proc/meminfo:


vm_info: Java HotSpot(TM) 64-Bit Server VM (23.21-b01) for bsd-amd64 JRE (1.7.0_21-b12), built on Apr  7 2013 14:55:50 by "java_re" with gcc 4.2.1 (Based on Apple Inc. build 5658) (LLVM build 2336.11.00)

time: Sat Dec 14 19:21:21 2013
elapsed time: 95 seconds

